### ISSUE TITLE
gdb:// connection segfault for ARM

### ISSUE THREAD

**Issue by XVilka** [radareorg/radare2#1560]
```
gdb$ run -a arm -b 32 -d -D gdb -e io.va=true gdb://127.0.0.1:1234
Starting program: /usr/bin/r2 -a arm -b 32 -d -D gdb -e io.va=true gdb://127.0.0.1:1234
warning: Could not load shared library symbols for linux-vdso.so.1.
Do you need "set solib-search-path" or "set sysroot"?
[Thread debugging using libthread_db enabled]
Using host libthread_db library "/lib64/libthread_db.so.1".
r_debug_select: 6 6
pid = 7167264 tid = 1
r_debug_select: 7167264 1

Program received signal SIGSEGV, Segmentation fault.
-----------------------------------------------------------------------------------------------------------------------[regs]
  RAX: 0x0000000000000000  RBX: 0x0000000000000000  RBP: 0x00007FFFFFFFB350  RSP: 0x00007FFFFFFFB280  o d I t s z a p c 
  RDI: 0x00000000006DDCA8  RSI: 0x00000000006D7ED8  RDX: 0x400001D300000000  RCX: 0x00000000000000A8  RIP: 0x00007FFFF6DE8B60
  R8 : 0x0000000000000068  R9 : 0x0101010101010101  R10: 0x00007FFFFFFFAFF0  R11: 0x00007FFFF4132C50  R12: 0x00007FFFFFFFB2F0
  R13: 0x00007FFFFFFFDA60  R14: 0x0000000000000000  R15: 0x0000000000000000
  CS: 0033  DS: 0000  ES: 0000  FS: 0000  GS: 0000  SS: 002B                
-----------------------------------------------------------------------------------------------------------------------[code]
=> 0x7ffff6de8b60 <r_debug_reg_sync+512>:   mov    0x38(%rax),%rax
   0x7ffff6de8b64 <r_debug_reg_sync+516>:   mov    -0x14(%rbp),%esi
   0x7ffff6de8b67 <r_debug_reg_sync+519>:   mov    %rax,%rdi
   0x7ffff6de8b6a <r_debug_reg_sync+522>:   callq  0x7ffff6de48c0 <r_reg_set_bytes@plt>
   0x7ffff6de8b6f <r_debug_reg_sync+527>:   mov    $0x1,%eax
   0x7ffff6de8b74 <r_debug_reg_sync+532>:   mov    %r12,%rsp
   0x7ffff6de8b77 <r_debug_reg_sync+535>:   cmp    $0x1,%eax
   0x7ffff6de8b7a <r_debug_reg_sync+538>:   jne    0x7ffff6de8b9a <r_debug_reg_sync+570>
-----------------------------------------------------------------------------------------------------------------------------
0x00007ffff6de8b60 in r_debug_reg_sync (dbg=0x0, type=0x0, write=0x0) at reg.c:41
41              r_reg_set_bytes (dbg->reg, i, buf, size);
gdb$ bt
#0  0x00007ffff6de8b60 in r_debug_reg_sync (dbg=0x0, type=0x0, write=0x0) at reg.c:41
#1  0x00007ffff7b3f95d in cmd_debug_reg (core=0x607540 <r>, str=0x6c9592 "*") at cmd_debug.c:721
#2  0x00007ffff7b423cd in cmd_debug (data=0x607540 <r>, input=0x6c9591 "r*") at cmd_debug.c:1480
#3  0x00007ffff7b8ce24 in r_cmd_call (cmd=0x6a8980, input=0x6c9590 "dr*") at cmd_api.c:179
#4  0x00007ffff7b6d43a in r_core_cmd_subst_i (core=0x607540 <r>, cmd=0x6c9590 "dr*") at cmd.c:1251
#5  0x00007ffff7b6bb98 in r_core_cmd_subst (core=0x607540 <r>, cmd=0x6c9590 "dr*") at cmd.c:804
#6  0x00007ffff7b6df5d in r_core_cmd (core=0x607540 <r>, cstr=0x6d7770 "dr*", log=0x0) at cmd.c:1449
#7  0x00007ffff7b6e77c in r_core_cmd_str (core=0x607540 <r>, cmd=0x6d7770 "dr*") at cmd.c:1622
#8  0x00007ffff7b6a80e in cmd_interpret (data=0x607540 <r>, input=0x6c9601 "dr*") at cmd.c:379
#9  0x00007ffff7b8ce24 in r_cmd_call (cmd=0x6a8980, input=0x6c9600 ".dr*") at cmd_api.c:179
#10 0x00007ffff7b6d43a in r_core_cmd_subst_i (core=0x607540 <r>, cmd=0x6c9600 ".dr*") at cmd.c:1251
#11 0x00007ffff7b6bb98 in r_core_cmd_subst (core=0x607540 <r>, cmd=0x6c9600 ".dr*") at cmd.c:804
#12 0x00007ffff7b6df5d in r_core_cmd (core=0x607540 <r>, cstr=0x7ffff7bc15fd ".dr*", log=0x0) at cmd.c:1449
#13 0x00007ffff7b7bcaa in r_core_setup_debugger (r=0x607540 <r>, debugbackend=0x7fffffffde28 "gdb") at io.c:22
#14 0x0000000000404b20 in main (argc=0xb, argv=0x7fffffffda68, envp=0x7fffffffdac8) at radare2.c:591
gdb$ 
```
