### ISSUE TITLE
ELF with a corrupt header size will crash r2

### ISSUE THREAD

**Issue by crowell** [radareorg/radare2#1811]
`test: ELF 32-bit LSB  executable, Renesas H8/500, version 1 (SYSV), statically linked, corrupted section header size`

```
f0VMRgEBAQAAAAAAAAAAAAIAMQABAAAAdIAECDQAAACkAAAAAAAAADQAIAAC+ycABAADAAEAAAAA
AAAAAAEACACABAiAAAAAgAAAAAUAAAAAEAAAAQAAAIAAAACAkAQIgJAECAwAAAAMAAAABgAAAAAQ
AAC4AQAAALsqAAAAzYBoZWxsbyB3b3JsZAAALnNoc3RydGFiAC50ZXh0AC5fYXRhAAAAAAAAAAAA
AAAAAAAAAAAAAAAAAAAAAAAAABEAAAABAAAAAwAAAICQBAiAAAAADAAAAAAAAAAAAAAABAAAAAAA
AAABAAAAAwAAAAAAAAAAAAAAAAAAADQAIAAC+ycABAADAAEAAAAAAAAAAAEACACABAiAAAAAgAAA
AAUAAAAAEAAAAQAAAIAAAACAkAQIgJAECAwAAAAMAAAABgAAAAAQAAC4AQAAALsqAAAAzYBoZWxs
byB3b3JsZAAALnNoc3RydGFiAC50ZXh0AC5kYXRhAAAAAAAAAAAAAAAAAAAAAAAAAAAAAAAAAAAA
6xEAAAABAAAAAwAAAICQBAiAAAAADAAAAAAAAAAAAAAABAAAAAAAAAABAAAAAwAAAAAAAAAAAAAA
jAAAABcAAAAAAIwAAAAXAAAAAAAAAAAAAAABAAAAAAAAAA==
```

```
termina ~ » gdb -q --args r2 ./test                                                                                                                                                                                                 
Reading symbols from r2...done.
gdb-peda$ r
Starting program: /usr/bin/r2 ./test
[Thread debugging using libthread_db enabled]
Using host libthread_db library "/lib/x86_64-linux-gnu/libthread_db.so.1".

Program received signal SIGSEGV, Segmentation fault.
[------------------------------------------------------------------------------------------------------------registers-------------------------------------------------------------------------------------------------------------]
RAX: 0x7fff613f3010 --> 0xffffffffffffffff 
RBX: 0x6e6050 --> 0x6e6090 --> 0x10101464c457f 
RCX: 0x7fff613f3040 --> 0x0 
RDX: 0xffffffff90800804 
RSI: 0xff 
RDI: 0x7fff613f3010 --> 0xffffffffffffffff 
RBP: 0x90800000 
RSP: 0x7fffffffdb28 --> 0x7ffff3d833c5 (<r_buf_read_at+381>:    mov    r9d,DWORD PTR [rbx+0x8])
RIP: 0x7ffff35d509d (<memset+93>:       movdqu XMMWORD PTR [rdi+rdx*1-0x10],xmm8)
R8 : 0x7fff613f3010 --> 0xffffffffffffffff 
R9 : 0x1ea 
R10: 0x7fffffffd8f0 --> 0x0 
R11: 0x7ffff35d5040 (<memset>:  movd   xmm8,esi)
R12: 0x90800000 
R13: 0x6df1d0 --> 0x0 
R14: 0x0 
R15: 0x0
[---------------------------------------------------------------------------------------------------------------code---------------------------------------------------------------------------------------------------------------]
   0x7ffff35d5090 <memset+80>:  lea    rcx,[rdi+0x40]
   0x7ffff35d5094 <memset+84>:  movdqu XMMWORD PTR [rdi],xmm8
   0x7ffff35d5099 <memset+89>:  and    rcx,0xffffffffffffffc0
=> 0x7ffff35d509d <memset+93>:  movdqu XMMWORD PTR [rdi+rdx*1-0x10],xmm8
   0x7ffff35d50a4 <memset+100>: movdqu XMMWORD PTR [rdi+0x10],xmm8
   0x7ffff35d50aa <memset+106>: movdqu XMMWORD PTR [rdi+rdx*1-0x20],xmm8
   0x7ffff35d50b1 <memset+113>: movdqu XMMWORD PTR [rdi+0x20],xmm8
   0x7ffff35d50b7 <memset+119>: movdqu XMMWORD PTR [rdi+rdx*1-0x30],xmm8
[--------------------------------------------------------------------------------------------------------------stack---------------------------------------------------------------------------------------------------------------]
00:0000| rsp 0x7fffffffdb28 --> 0x7ffff3d833c5 (<r_buf_read_at+381>:    mov    r9d,DWORD PTR [rbx+0x8])
01:0008|     0x7fffffffdb30 --> 0x7fff613f3010 --> 0xffffffffffffffff 
02:0016|     0x7fffffffdb38 --> 0x6e5e50 --> 0x10101464c457f 
03:0024|     0x7fffffffdb40 --> 0x6e5e50 --> 0x10101464c457f 
04:0032|     0x7fffffffdb48 --> 0x90800804 
05:0040|     0x7fffffffdb50 --> 0x6def70 --> 0x10101464c457f 
06:0048|     0x7fffffffdb58 --> 0x7ffff6dd175a (<Elf32_r_bin_elf_init+2098>:    cmp    eax,0xffffffff)
07:0056|     0x7fffffffdb60 --> 0x0 
[----------------------------------------------------------------------------------------------------------------------------------------------------------------------------------------------------------------------------------]
Legend: code, data, rodata, value
Stopped reason: SIGSEGV
memset () at ../sysdeps/x86_64/memset.S:80
80      ../sysdeps/x86_64/memset.S: No such file or directory.
gdb-peda$ bt
#0  memset () at ../sysdeps/x86_64/memset.S:80
#1  0x00007ffff3d833c5 in memset (__len=<optimized out>, __ch=0xff, __dest=<optimized out>) at /usr/include/x86_64-linux-gnu/bits/string3.h:84
#2  r_buf_read_at (b=0x6e6050, addr=0x90800000, buf=<optimized out>, len=<optimized out>) at buf.c:272
#3  0x00007ffff6dd175a in Elf32_r_bin_elf_init_strtab (bin=0x6e5e50) at /home/jeff/ctf/tools/radare2/libr/..//libr/bin/p/../format/elf/elf.c:195
#4  Elf32_r_bin_elf_init (bin=bin@entry=0x6e5e50) at /home/jeff/ctf/tools/radare2/libr/..//libr/bin/p/../format/elf/elf.c:221
#5  0x00007ffff6de8ba8 in Elf32_r_bin_elf_init (bin=0x6e5e50) at /home/jeff/ctf/tools/radare2/libr/..//libr/bin/p/../format/elf/elf.c:1339
#6  Elf32_r_bin_elf_new_buf (buf=0x6e5c10) at /home/jeff/ctf/tools/radare2/libr/..//libr/bin/p/../format/elf/elf.c:1338
#7  0x00007ffff6dc9a4a in load_bytes (buf=0x6def70 "\177ELF\001\001\001", sz=0x1ea, loadaddr=<optimized out>, sdb=0x6df1d0) at /home/jeff/ctf/tools/radare2/libr/..//libr/bin/p/bin_elf.c:44
#8  0x00007ffff6d69897 in r_bin_object_new (binfile=binfile@entry=0x6e9b70, plugin=plugin@entry=0x6a3d90, baseaddr=baseaddr@entry=0x0, loadaddr=loadaddr@entry=0x0, offset=offset@entry=0x0, sz=0x1ea) at bin.c:836
#9  0x00007ffff6d6d231 in r_bin_file_new_from_bytes (xtrname=0x0, offset=0x69f110, pluginname=0x0, fd=<optimized out>, loadaddr=0x0, baseaddr=0x0, rawstr=<optimized out>, file_sz=0x1ea, sz=<optimized out>, 
    bytes=0x6e9970 "\177ELF\001\001\001", file=<optimized out>, bin=0x69f110) at bin.c:974
#10 r_bin_load_io_at_offset_as_sz (bin=bin@entry=0x69f110, desc=desc@entry=0x6e9820, baseaddr=baseaddr@entry=0x0, loadaddr=loadaddr@entry=0x0, xtr_idx=xtr_idx@entry=0x0, offset=offset@entry=0x0, name=name@entry=0x0, sz=0x1ea, 
    sz@entry=0x8000000) at bin.c:580
#11 0x00007ffff6d6e12f in r_bin_load_io_at_offset_as (bin=0x69f110, desc=0x6e9820, baseaddr=0x0, loadaddr=0x0, xtr_idx=0x0, offset=0x0, name=0x0) at bin.c:595
#12 0x00007ffff6d6ed0c in r_bin_load_io (bin=<optimized out>, desc=<optimized out>, baseaddr=<optimized out>, loadaddr=<optimized out>, xtr_idx=<optimized out>) at bin.c:494
#13 0x00007ffff7adef6b in r_core_file_do_load_for_io_plugin (loadaddr=0x0, baseaddr=0x0, r=0x60c5a0 <r>) at file.c:338
#14 r_core_bin_load (r=0x60c5a0 <r>, filenameuri=<optimized out>, baddr=0x0) at file.c:470
#15 0x000000000040525f in main (argc=<optimized out>, argv=0x7fffffffe518, envp=<optimized out>) at radare2.c:546
#16 0x00007ffff3569ec5 in __libc_start_main (main=0x402d30 <main>, argc=0x2, argv=0x7fffffffe518, init=<optimized out>, fini=<optimized out>, rtld_fini=<optimized out>, stack_end=0x7fffffffe508) at libc-start.c:287
#17 0x0000000000409949 in _start ()
```
