### ISSUE TITLE
Segfault on r_core_cmd_substr_i() when loading '. ~/script.r2' from ~/.config/radare2/radare2rc

### ISSUE THREAD

**Issue by XVilka** [radareorg/radare2#319]
valgrind file is here http://xvilka.me/r2-loadfile.log

Remote debugging using | vgdb
relaying data between gdb and process 12015
Reading symbols from /lib/ld-linux.so.2...Reading symbols from /usr/lib/debug/lib/ld-2.17.so.debug...done.
done.
Loaded symbols for /lib/ld-linux.so.2
--------------------------------------------------------------------------[regs]
EAX: 0x00000000  EBX: 0x00000000  ECX: 0x00000000  EDX: 0x00000000  o d i t s z a p c 
ESI: 0x00000000  EDI: 0x00000000  EBP: 0x00000000  ESP: 0xB68A2DA0  EIP: 0x04001270
 CS: 7B0073  DS: 7B007B  ES: 007B  FS: 0000  GS: 7B0000  SS: 007B[0m
--------------------------------------------------------------------------[code]
=> 0x4001270 <_start>:  mov    %esp,%eax
   0x4001272 <_start+2>:    call   0x4004a20 <_dl_start>
   0x4001277 <_dl_start_user>:  mov    %eax,%edi
   0x4001279 <_dl_start_user+2>:    call   0x4001260
   0x400127e <_dl_start_user+7>:    add    $0x1fd42,%ebx
   0x4001284 <_dl_start_user+13>:   mov    -0x16c(%ebx),%eax
   0x400128a <_dl_start_user+19>:   pop    %edx
##    0x400128b <_dl_start_user+20>:   lea    (%esp,%eax,4),%esp

[0m0x04001270 in _start () from /lib/ld-linux.so.2
Continuing.

Program received signal SIGSEGV, Segmentation fault.
--------------------------------------------------------------------------[regs]
EAX: 0x0010F120  EBX: 0x048CB260  ECX: 0x0000003B  EDX: 0x06E50958  o d i t S z a P c 
ESI: 0x00000000  EDI: 0x06E50958  EBP: 0x0010F120  ESP: 0xB60A4E50  EIP: 0x0488D6B5
  CS: 7B0073  DS: 7B007B  ES: 007B  FS: B0000  GS: 7B000B  SS: 007B
--------------------------------------------------------------------------[code]
=> 0x488d6b5 <r_core_cmd_subst_i+21>:   mov    %edx,(%esp)
   0x488d6b8 <r_core_cmd_subst_i+24>:   mov    %eax,0x2c(%esp)
   0x488d6bc <r_core_cmd_subst_i+28>:   mov    %gs:0x14,%eax
   0x488d6c2 <r_core_cmd_subst_i+34>:   mov    %eax,0x45c(%esp)
   0x488d6c9 <r_core_cmd_subst_i+41>:   xor    %eax,%eax
   0x488d6cb <r_core_cmd_subst_i+43>:   call   0x486c880 r_str_trim_head_tail@plt
   0x488d6d0 <r_core_cmd_subst_i+48>:   mov    %eax,%esi
   0x488d6d2 <r_core_cmd_subst_i+50>:   movzbl (%eax),%eax
--------------------------------------------------------------------------------
r_core_cmd_subst_i (core=core@entry=0x10f120 <r>, cmd=cmd@entry=0x6e50958 ". ~/.config/radare2/radare2rc") at cmd.c:832
832     cmd = r_str_trim_head_tail (cmd);
core = 0x10f120 <r>
cmd = 0x6e50958 ". ~/.config/radare2/radare2rc"
quotestr = 0x48b3f22 "`"
ptr = <optimized out>
ptr2 = <optimized out>
str = <optimized out>
arroba = <optimized out>
i = <optimized out>
ret = <optimized out>
pipefd = <optimized out>
usemyblock = <optimized out>
Undefined info command: "regs".  Try "help info".
eax            0x10f120 0x10f120
ecx            0x3b 0x3b
edx            0x6e50958    0x6e50958
ebx            0x48cb260    0x48cb260
esp            0xb60a4e50   0xb60a4e50
ebp            0x10f120 0x10f120 <r>
esi            0x0  0x0
edi            0x6e50958    0x6e50958
eip            0x488d6b5    0x488d6b5 <r_core_cmd_subst_i+21>
eflags         0x84 [ PF SF ]
cs             0x7b0073 0x7b0073
ss             0x7b 0x7b
ds             0x7b007b 0x7b007b
es             0x7b 0x7b
fs             0xb0000  0xb0000
gs             0x7b000b 0x7b000b
