### ISSUE TITLE
/R segfaults

### ISSUE THREAD

**Issue by jvoisin** [radareorg/radare2#638]
```
gdb$ r 0x1d01ebcc
Starting program: /usr/bin/r2 0x1d01ebcc
[Thread debugging using libthread_db enabled]
Using host libthread_db library "/lib/x86_64-linux-gnu/libthread_db.so.1".
Warning: read (init_offset)
Warning: read (main)
Warning: read (get_fini)
 -- RADARE CUMS WITH ABSOLUTELY NO WARRANTY
[0x0040166a]> /R

Program received signal SIGSEGV, Segmentation fault.
-----------------------------------------------------------------------------------------------------------------------[regs]
  RAX: 0x00007FFFEC563010  RBX: 0x0000000000693550  RBP: 0x00007FFFFFFFC210  RSP: 0x00007FFFFFFFC1A8  o d I t S z a p C 
  RDI: 0x00007FFFEC563F90  RSI: 0x00000000000000FF  RDX: 0xFFFFFFFFFFFFFFFF  RCX: 0x0000000000000000  RIP: 0x00007FFFF464D0BD
  R8 : 0x0000000000000000  R9 : 0x0000000000100000  R10: 0x0000000000000000  R11: 0x00007FFFF464CB9A  R12: 0x0000000000402790
  R13: 0x00007FFFFFFFE280  R14: 0x0000000000000000  R15: 0x0000000000000000
  CS: 0033  DS: 0000  ES: 0000  FS: 0000  GS: 0000  SS: 002B                
[0x002B:0x00007FFFFFFFC1A8]-------------------------------------------------------------------------------------------[stack]
0x00007FFFFFFFC1F8 : 50 E2 89 00 00 00 00 00 - 50 C2 FF FF FF 7F 00 00 P.......P.......
0x00007FFFFFFFC1E8 : 10 05 69 00 00 00 00 00 - D0 E2 89 00 00 00 00 00 ..i.............
0x00007FFFFFFFC1D8 : 00 00 00 00 00 10 00 00 - 10 10 00 00 00 00 00 00 ................
0x00007FFFFFFFC1C8 : 10 05 69 00 00 00 00 00 - 00 00 00 00 00 00 00 00 ..i.............
0x00007FFFFFFFC1B8 : 10 30 56 EC FF 7F 00 00 - 10 10 00 00 00 00 00 00 .0V.............
0x00007FFFFFFFC1A8 : 9C 0B 32 F6 FF 7F 00 00 - 00 00 00 00 00 10 00 00 ..2.............
-----------------------------------------------------------------------------------------------------------------------[code]
=> 0x7ffff464d0bd <__memset_sse2+2285>: movdqa XMMWORD PTR [rdi+0x70],xmm0
   0x7ffff464d0c2 <__memset_sse2+2290>: lea    rdi,[rdi+0x80]
   0x7ffff464d0c9 <__memset_sse2+2297>: jae    0x7ffff464d090 <__memset_sse2+2240>
   0x7ffff464d0cb <__memset_sse2+2299>: add    rdi,r8
   0x7ffff464d0ce <__memset_sse2+2302>: lea    r11,[rip+0xfffffffffffffb38]        # 0x7ffff464cc0d <__memset_sse2+1085>
   0x7ffff464d0d5 <__memset_sse2+2309>: lea    rcx,[rip+0xf1164]        # 0x7ffff473e240
   0x7ffff464d0dc <__memset_sse2+2316>: movsx  rcx,WORD PTR [rcx+r8*2]
   0x7ffff464d0e1 <__memset_sse2+2321>: lea    r11,[rcx+r11*1]
-----------------------------------------------------------------------------------------------------------------------------
__memset_sse2 () at ../sysdeps/x86_64/multiarch/../memset.S:880
880 ../sysdeps/x86_64/multiarch/../memset.S: No such file or directory.
gdb$ bt
#0  __memset_sse2 () at ../sysdeps/x86_64/multiarch/../memset.S:880
#1  0x00007ffff6320b9c in r_io_read_at (io=0x690510, addr=0x1010, buf=0x7fffec563010 '\377' <repeats 200 times>..., len=0x1000) at io.c:268
#2  0x00007ffff6320b2f in r_io_read (io=0x690510, buf=0x7fffec563010 '\377' <repeats 200 times>..., len=0x1000) at io.c:256
#3  0x00007ffff7b9a29d in r_core_read_at (core=0x606540 <r>, addr=0x401010, buf=0x7fffec563010 '\377' <repeats 200 times>..., size=0x1000) at io.c:317
#4  0x00007ffff7b86eba in r_core_search_rop (core=0x606540 <r>, from=0x28010, to=0x40166a, opt=0x0, grep=0x6c40d2 "") at cmd_search.c:262
#5  0x00007ffff7b875f3 in cmd_search (data=0x606540 <r>, input=0x6c40d1 "R") at cmd_search.c:382
#6  0x00007ffff6109fc9 in r_cmd_call (cmd=0x694000, input=0x6c40d0 "/R") at cmd.c:172
#7  0x00007ffff7b8d02b in r_core_cmd_subst_i (core=0x606540 <r>, cmd=0x6c40d0 "/R") at cmd.c:1353
#8  0x00007ffff7b8b55c in r_core_cmd_subst (core=0x606540 <r>, cmd=0x6c40d0 "/R") at cmd.c:921
#9  0x00007ffff7b8db5b in r_core_cmd (core=0x606540 <r>, cstr=0x8a4820 "/R", log=0x1) at cmd.c:1536
#10 0x00007ffff7b65326 in r_core_prompt_exec (r=0x606540 <r>) at core.c:712
#11 0x0000000000404956 in main (argc=0x2, argv=0x7fffffffe288, envp=0x7fffffffe2a0) at radare2.c:593
```
